<?xml version="1.0" encoding="UTF-8"?>
<!-- Generated by org.testng.reporters.JUnitXMLReporter -->
<testsuite hostname="LAPTOP-AKCGDHE0" ignored="0" name="Default test" tests="4" failures="0" timestamp="15 Aug 2022 03:33:20 GMT" time="14.245" errors="0">
  <testcase name="testSauceDemo" time="4.073" classname="tugas.tugaspomtest.WebSauceDemoTest"/>
  <testcase name="testSauceDemoWrongPassword" time="0.719" classname="tugas.tugaspomtest.WebSauceDemoTest"/>
  <testcase name="testSauceDemoWrongUsername" time="0.565" classname="tugas.tugaspomtest.WebSauceDemoTest"/>
  <testcase name="testSauceDemoWrongUsernamePassword" time="0.611" classname="tugas.tugaspomtest.WebSauceDemoTest"/>
</testsuite> <!-- Default test -->
