<?xml version="1.0" encoding="UTF-8"?>
<testng-results skipped="0" failed="0" ignored="0" total="1" passed="1">
  <reporter-output>
  </reporter-output>
  <suite name="Default suite" duration-ms="9987" started-at="2022-08-11T15:29:04Z" finished-at="2022-08-11T15:29:14Z">
    <groups>
    </groups>
    <test name="Default test" duration-ms="9987" started-at="2022-08-11T15:29:04Z" finished-at="2022-08-11T15:29:14Z">
      <class name="tugas.tugaspomtest.WebYopmailTest">
        <test-method status="PASS" signature="setUp()[pri:0, instance:tugas.tugaspomtest.WebYopmailTest@4445629]" name="setUp" is-config="true" duration-ms="2582" started-at="2022-08-11T15:29:04Z" finished-at="2022-08-11T15:29:07Z">
          <reporter-output>
          </reporter-output>
        </test-method> <!-- setUp -->
        <test-method status="PASS" signature="testHome()[pri:0, instance:tugas.tugaspomtest.WebYopmailTest@4445629]" name="testHome" duration-ms="6732" started-at="2022-08-11T15:29:07Z" finished-at="2022-08-11T15:29:13Z">
          <reporter-output>
          </reporter-output>
        </test-method> <!-- testHome -->
        <test-method status="PASS" signature="tearDown()[pri:0, instance:tugas.tugaspomtest.WebYopmailTest@4445629]" name="tearDown" is-config="true" duration-ms="599" started-at="2022-08-11T15:29:13Z" finished-at="2022-08-11T15:29:14Z">
          <reporter-output>
          </reporter-output>
        </test-method> <!-- tearDown -->
      </class> <!-- tugas.tugaspomtest.WebYopmailTest -->
    </test> <!-- Default test -->
  </suite> <!-- Default suite -->
</testng-results>
