<?xml version="1.0" encoding="UTF-8"?>
<!-- Generated by org.testng.reporters.JUnitXMLReporter -->
<testsuite hostname="LAPTOP-AKCGDHE0" ignored="0" name="Test" tests="4" failures="0" timestamp="11 Aug 2022 14:20:47 GMT" time="5.99" errors="0">
  <testcase name="testSauceDemoWrongPassword" time="1.215" classname="tugas.tugaspomtest.WebSauceDemoTest"/>
  <testcase name="testSauceDemoWrongUsername" time="1.278" classname="tugas.tugaspomtest.WebSauceDemoTest"/>
  <testcase name="testSauceDemoWrongUsernamePassword" time="1.496" classname="tugas.tugaspomtest.WebSauceDemoTest"/>
  <testcase name="testSauceDemo" time="2.084" classname="tugas.tugaspomtest.WebSauceDemoTest"/>
</testsuite> <!-- Test -->
