<?xml version="1.0" encoding="UTF-8"?>
<!-- Generated by org.testng.reporters.JUnitXMLReporter -->
<testsuite hostname="LAPTOP-AKCGDHE0" ignored="0" name="Test" tests="4" failures="0" timestamp="15 Aug 2022 03:20:54 GMT" time="5.519" errors="0">
  <testcase name="testSauceDemoWrongUsernamePassword" time="1.102" classname="tugas.tugaspomtest.WebSauceDemoTest"/>
  <testcase name="testSauceDemoWrongUsername" time="1.162" classname="tugas.tugaspomtest.WebSauceDemoTest"/>
  <testcase name="testSauceDemoWrongPassword" time="1.327" classname="tugas.tugaspomtest.WebSauceDemoTest"/>
  <testcase name="testSauceDemo" time="1.715" classname="tugas.tugaspomtest.WebSauceDemoTest"/>
</testsuite> <!-- Test -->
